<?xml version="1.0" encoding="UTF-8"?>
<!-- Generated by org.testng.reporters.JUnitReportReporter -->
<testsuite hostname="LAPTOP-197KL6J0" failures="0" tests="1" name="retryAnalyzer.TestCase02" time="0.006" errors="0" timestamp="2022-03-01T14:51:26 IST" skipped="0">
  <testcase classname="retryAnalyzer.TestCase02" name="editLead" time="0.006"/>
  <system-out/>
</testsuite> <!-- retryAnalyzer.TestCase02 -->
